update-alternatives 2025-01-19 15:45:51: run with --quiet --install /usr/bin/awk awk /usr/bin/mawk 5 --slave /usr/share/man/man1/awk.1.gz awk.1.gz /usr/share/man/man1/mawk.1.gz --slave /usr/bin/nawk nawk /usr/bin/mawk --slave /usr/share/man/man1/nawk.1.gz nawk.1.gz /usr/share/man/man1/mawk.1.gz
update-alternatives 2025-01-19 15:45:51: link group awk updated to point to /usr/bin/mawk
update-alternatives 2025-01-19 15:46:12: run with --quiet --install /usr/bin/awk awk /usr/bin/mawk 5 --slave /usr/share/man/man1/awk.1.gz awk.1.gz /usr/share/man/man1/mawk.1.gz --slave /usr/bin/nawk nawk /usr/bin/mawk --slave /usr/share/man/man1/nawk.1.gz nawk.1.gz /usr/share/man/man1/mawk.1.gz
update-alternatives 2025-01-19 15:46:12: run with --install /usr/sbin/rmt rmt /usr/sbin/rmt-tar 50 --slave /usr/share/man/man8/rmt.8.gz rmt.8.gz /usr/share/man/man8/rmt-tar.8.gz
update-alternatives 2025-01-19 15:46:12: link group rmt updated to point to /usr/sbin/rmt-tar
update-alternatives 2025-01-19 15:46:16: run with --install /usr/share/man/man7/builtins.7.gz builtins.7.gz /usr/share/man/man7/bash-builtins.7.gz 10
update-alternatives 2025-01-19 15:46:16: link group builtins.7.gz updated to point to /usr/share/man/man7/bash-builtins.7.gz
update-alternatives 2025-01-19 15:46:18: run with --install /usr/bin/pager pager /bin/more 50 --slave /usr/share/man/man1/pager.1.gz pager.1.gz /usr/share/man/man1/more.1.gz
update-alternatives 2025-01-19 15:46:18: link group pager updated to point to /bin/more
update-alternatives 2025-01-19 15:46:18: run with --install /usr/bin/pager pager /usr/bin/pg 10 --slave /usr/share/man/man1/pager.1.gz pager.1.gz /usr/share/man/man1/pg.1.gz
update-alternatives 2025-01-19 15:46:52: run with --install /usr/bin/w w /usr/bin/w.procps 50 --slave /usr/share/man/man1/w.1.gz w.1.gz /usr/share/man/man1/w.procps.1.gz
update-alternatives 2025-01-19 15:46:52: link group w updated to point to /usr/bin/w.procps
update-alternatives 2025-01-19 15:47:42: run with --install /bin/mt mt /bin/mt-gnu 10 --slave /usr/share/man/man1/mt.1.gz mt.1.gz /usr/share/man/man1/mt-gnu.1.gz
update-alternatives 2025-01-19 15:47:42: link group mt updated to point to /bin/mt-gnu
update-alternatives 2025-01-19 15:47:43: run with --install /usr/bin/editor editor /bin/nano 40 --slave /usr/share/man/man1/editor.1.gz editor.1.gz /usr/share/man/man1/nano.1.gz
update-alternatives 2025-01-19 15:47:43: link group editor updated to point to /bin/nano
update-alternatives 2025-01-19 15:47:43: run with --install /usr/bin/pico pico /bin/nano 10 --slave /usr/share/man/man1/pico.1.gz pico.1.gz /usr/share/man/man1/nano.1.gz
update-alternatives 2025-01-19 15:47:43: link group pico updated to point to /bin/nano
update-alternatives 2025-01-19 15:47:46: run with --install /usr/bin/write write /usr/bin/bsd-write 100 --slave /usr/share/man/man1/write.1.gz write.1.gz /usr/share/man/man1/bsd-write.1.gz
update-alternatives 2025-01-19 15:47:46: link group write updated to point to /usr/bin/bsd-write
update-alternatives 2025-01-19 15:47:46: run with --install /usr/bin/from from /usr/bin/bsd-from 10 --slave /usr/share/man/man1/from.1.gz from.1.gz /usr/share/man/man1/bsd-from.1.gz
update-alternatives 2025-01-19 15:47:46: link group from updated to point to /usr/bin/bsd-from
update-alternatives 2025-01-19 15:47:49: run with --install /usr/bin/rview rview /usr/bin/vim.tiny 15
update-alternatives 2025-01-19 15:47:49: link group rview updated to point to /usr/bin/vim.tiny
update-alternatives 2025-01-19 15:47:49: run with --install /usr/bin/vi vi /usr/bin/vim.tiny 15 --slave /usr/share/man/fr/man1/vi.1.gz vi.fr.1.gz /usr/share/man/fr/man1/vim.1.gz --slave /usr/share/man/it/man1/vi.1.gz vi.it.1.gz /usr/share/man/it/man1/vim.1.gz --slave /usr/share/man/pl/man1/vi.1.gz vi.pl.1.gz /usr/share/man/pl/man1/vim.1.gz --slave /usr/share/man/ru/man1/vi.1.gz vi.ru.1.gz /usr/share/man/ru/man1/vim.1.gz --slave /usr/share/man/ja/man1/vi.1.gz vi.ja.1.gz /usr/share/man/ja/man1/vim.1.gz --slave /usr/share/man/man1/vi.1.gz vi.1.gz /usr/share/man/man1/vim.1.gz
update-alternatives 2025-01-19 15:47:49: link group vi updated to point to /usr/bin/vim.tiny
update-alternatives 2025-01-19 15:47:49: run with --install /usr/bin/view view /usr/bin/vim.tiny 15 --slave /usr/share/man/fr/man1/view.1.gz view.fr.1.gz /usr/share/man/fr/man1/vim.1.gz --slave /usr/share/man/it/man1/view.1.gz view.it.1.gz /usr/share/man/it/man1/vim.1.gz --slave /usr/share/man/pl/man1/view.1.gz view.pl.1.gz /usr/share/man/pl/man1/vim.1.gz --slave /usr/share/man/ru/man1/view.1.gz view.ru.1.gz /usr/share/man/ru/man1/vim.1.gz --slave /usr/share/man/ja/man1/view.1.gz view.ja.1.gz /usr/share/man/ja/man1/vim.1.gz --slave /usr/share/man/man1/view.1.gz view.1.gz /usr/share/man/man1/vim.1.gz
update-alternatives 2025-01-19 15:47:49: link group view updated to point to /usr/bin/vim.tiny
update-alternatives 2025-01-19 15:47:49: run with --install /usr/bin/ex ex /usr/bin/vim.tiny 15 --slave /usr/share/man/fr/man1/ex.1.gz ex.fr.1.gz /usr/share/man/fr/man1/vim.1.gz --slave /usr/share/man/it/man1/ex.1.gz ex.it.1.gz /usr/share/man/it/man1/vim.1.gz --slave /usr/share/man/pl/man1/ex.1.gz ex.pl.1.gz /usr/share/man/pl/man1/vim.1.gz --slave /usr/share/man/ru/man1/ex.1.gz ex.ru.1.gz /usr/share/man/ru/man1/vim.1.gz --slave /usr/share/man/ja/man1/ex.1.gz ex.ja.1.gz /usr/share/man/ja/man1/vim.1.gz --slave /usr/share/man/man1/ex.1.gz ex.1.gz /usr/share/man/man1/vim.1.gz
update-alternatives 2025-01-19 15:47:49: link group ex updated to point to /usr/bin/vim.tiny
update-alternatives 2025-01-19 15:47:49: run with --install /usr/bin/editor editor /usr/bin/vim.tiny 15 --slave /usr/share/man/fr/man1/editor.1.gz editor.fr.1.gz /usr/share/man/fr/man1/vim.1.gz --slave /usr/share/man/it/man1/editor.1.gz editor.it.1.gz /usr/share/man/it/man1/vim.1.gz --slave /usr/share/man/pl/man1/editor.1.gz editor.pl.1.gz /usr/share/man/pl/man1/vim.1.gz --slave /usr/share/man/ru/man1/editor.1.gz editor.ru.1.gz /usr/share/man/ru/man1/vim.1.gz --slave /usr/share/man/ja/man1/editor.1.gz editor.ja.1.gz /usr/share/man/ja/man1/vim.1.gz --slave /usr/share/man/man1/editor.1.gz editor.1.gz /usr/share/man/man1/vim.1.gz
update-alternatives 2025-01-19 15:47:52: run with --quiet --install /usr/bin/pinentry pinentry /usr/bin/pinentry-curses 50 --slave /usr/share/man/man1/pinentry.1.gz pinentry.1.gz /usr/share/man/man1/pinentry-curses.1.gz
update-alternatives 2025-01-19 15:47:52: link group pinentry updated to point to /usr/bin/pinentry-curses
update-alternatives 2025-01-19 15:54:56: run with --install /usr/bin/vim vim /usr/bin/vim.basic 30
update-alternatives 2025-01-19 15:54:56: link group vim updated to point to /usr/bin/vim.basic
update-alternatives 2025-01-19 15:54:56: run with --install /usr/bin/vimdiff vimdiff /usr/bin/vim.basic 30
update-alternatives 2025-01-19 15:54:56: link group vimdiff updated to point to /usr/bin/vim.basic
update-alternatives 2025-01-19 15:54:56: run with --install /usr/bin/rvim rvim /usr/bin/vim.basic 30
update-alternatives 2025-01-19 15:54:56: link group rvim updated to point to /usr/bin/vim.basic
update-alternatives 2025-01-19 15:54:56: run with --install /usr/bin/rview rview /usr/bin/vim.basic 30
update-alternatives 2025-01-19 15:54:56: link group rview updated to point to /usr/bin/vim.basic
update-alternatives 2025-01-19 15:54:56: run with --install /usr/bin/vi vi /usr/bin/vim.basic 30 --slave /usr/share/man/fr/man1/vi.1.gz vi.fr.1.gz /usr/share/man/fr/man1/vim.1.gz --slave /usr/share/man/it/man1/vi.1.gz vi.it.1.gz /usr/share/man/it/man1/vim.1.gz --slave /usr/share/man/pl/man1/vi.1.gz vi.pl.1.gz /usr/share/man/pl/man1/vim.1.gz --slave /usr/share/man/ru/man1/vi.1.gz vi.ru.1.gz /usr/share/man/ru/man1/vim.1.gz --slave /usr/share/man/ja/man1/vi.1.gz vi.ja.1.gz /usr/share/man/ja/man1/vim.1.gz --slave /usr/share/man/man1/vi.1.gz vi.1.gz /usr/share/man/man1/vim.1.gz
update-alternatives 2025-01-19 15:54:56: link group vi updated to point to /usr/bin/vim.basic
update-alternatives 2025-01-19 15:54:56: run with --install /usr/bin/view view /usr/bin/vim.basic 30 --slave /usr/share/man/fr/man1/view.1.gz view.fr.1.gz /usr/share/man/fr/man1/vim.1.gz --slave /usr/share/man/it/man1/view.1.gz view.it.1.gz /usr/share/man/it/man1/vim.1.gz --slave /usr/share/man/pl/man1/view.1.gz view.pl.1.gz /usr/share/man/pl/man1/vim.1.gz --slave /usr/share/man/ru/man1/view.1.gz view.ru.1.gz /usr/share/man/ru/man1/vim.1.gz --slave /usr/share/man/ja/man1/view.1.gz view.ja.1.gz /usr/share/man/ja/man1/vim.1.gz --slave /usr/share/man/man1/view.1.gz view.1.gz /usr/share/man/man1/vim.1.gz
update-alternatives 2025-01-19 15:54:56: link group view updated to point to /usr/bin/vim.basic
update-alternatives 2025-01-19 15:54:56: run with --install /usr/bin/ex ex /usr/bin/vim.basic 30 --slave /usr/share/man/fr/man1/ex.1.gz ex.fr.1.gz /usr/share/man/fr/man1/vim.1.gz --slave /usr/share/man/it/man1/ex.1.gz ex.it.1.gz /usr/share/man/it/man1/vim.1.gz --slave /usr/share/man/pl/man1/ex.1.gz ex.pl.1.gz /usr/share/man/pl/man1/vim.1.gz --slave /usr/share/man/ru/man1/ex.1.gz ex.ru.1.gz /usr/share/man/ru/man1/vim.1.gz --slave /usr/share/man/ja/man1/ex.1.gz ex.ja.1.gz /usr/share/man/ja/man1/vim.1.gz --slave /usr/share/man/man1/ex.1.gz ex.1.gz /usr/share/man/man1/vim.1.gz
update-alternatives 2025-01-19 15:54:56: link group ex updated to point to /usr/bin/vim.basic
update-alternatives 2025-01-19 15:54:56: run with --install /usr/bin/editor editor /usr/bin/vim.basic 30 --slave /usr/share/man/fr/man1/editor.1.gz editor.fr.1.gz /usr/share/man/fr/man1/vim.1.gz --slave /usr/share/man/it/man1/editor.1.gz editor.it.1.gz /usr/share/man/it/man1/vim.1.gz --slave /usr/share/man/pl/man1/editor.1.gz editor.pl.1.gz /usr/share/man/pl/man1/vim.1.gz --slave /usr/share/man/ru/man1/editor.1.gz editor.ru.1.gz /usr/share/man/ru/man1/vim.1.gz --slave /usr/share/man/ja/man1/editor.1.gz editor.ja.1.gz /usr/share/man/ja/man1/vim.1.gz --slave /usr/share/man/man1/editor.1.gz editor.1.gz /usr/share/man/man1/vim.1.gz
update-alternatives 2025-01-19 15:54:57: run with --quiet --install /usr/bin/rsh rsh /usr/bin/ssh 20 --slave /usr/share/man/man1/rsh.1.gz rsh.1.gz /usr/share/man/man1/ssh.1.gz
update-alternatives 2025-01-19 15:54:57: link group rsh updated to point to /usr/bin/ssh
update-alternatives 2025-01-19 15:54:57: run with --quiet --install /usr/bin/rlogin rlogin /usr/bin/slogin 20 --slave /usr/share/man/man1/rlogin.1.gz rlogin.1.gz /usr/share/man/man1/slogin.1.gz
update-alternatives 2025-01-19 15:54:57: link group rlogin updated to point to /usr/bin/slogin
update-alternatives 2025-01-19 15:54:57: run with --quiet --install /usr/bin/rcp rcp /usr/bin/scp 20 --slave /usr/share/man/man1/rcp.1.gz rcp.1.gz /usr/share/man/man1/scp.1.gz
update-alternatives 2025-01-19 15:54:57: link group rcp updated to point to /usr/bin/scp
update-alternatives 2025-01-23 01:04:19: run with --quiet --install /lib/cpp cpp /usr/bin/cpp 10
update-alternatives 2025-01-23 01:04:19: link group cpp updated to point to /usr/bin/cpp
update-alternatives 2025-01-23 01:04:19: run with --quiet --install /usr/bin/cc cc /usr/bin/gcc 20
update-alternatives 2025-01-23 01:04:19: link group cc updated to point to /usr/bin/gcc
update-alternatives 2025-01-23 01:04:19: run with --quiet --install /usr/bin/c89 c89 /usr/bin/c89-gcc 20 --slave /usr/share/man/man1/c89.1.gz c89.1.gz /usr/share/man/man1/c89-gcc.1.gz
update-alternatives 2025-01-23 01:04:19: link group c89 updated to point to /usr/bin/c89-gcc
update-alternatives 2025-01-23 01:04:19: run with --quiet --install /usr/bin/c99 c99 /usr/bin/c99-gcc 20 --slave /usr/share/man/man1/c99.1.gz c99.1.gz /usr/share/man/man1/c99-gcc.1.gz
update-alternatives 2025-01-23 01:04:19: link group c99 updated to point to /usr/bin/c99-gcc
update-alternatives 2025-01-23 01:04:32: run with --install /usr/bin/c++ c++ /usr/bin/g++ 20
update-alternatives 2025-01-23 01:04:32: link group c++ updated to point to /usr/bin/g++
update-alternatives 2025-01-23 01:05:00: run with --remove view /usr/bin/see
update-alternatives 2025-01-23 01:05:01: run with --install /usr/bin/lzma lzma /usr/bin/xz 20 --slave /usr/share/man/man1/lzma.1.gz lzma.1.gz /usr/share/man/man1/xz.1.gz --slave /usr/bin/unlzma unlzma /usr/bin/unxz --slave /usr/share/man/man1/unlzma.1.gz unlzma.1.gz /usr/share/man/man1/unxz.1.gz --slave /usr/bin/lzcat lzcat /usr/bin/xzcat --slave /usr/share/man/man1/lzcat.1.gz lzcat.1.gz /usr/share/man/man1/xzcat.1.gz --slave /usr/bin/lzmore lzmore /usr/bin/xzmore --slave /usr/share/man/man1/lzmore.1.gz lzmore.1.gz /usr/share/man/man1/xzmore.1.gz --slave /usr/bin/lzless lzless /usr/bin/xzless --slave /usr/share/man/man1/lzless.1.gz lzless.1.gz /usr/share/man/man1/xzless.1.gz --slave /usr/bin/lzdiff lzdiff /usr/bin/xzdiff --slave /usr/share/man/man1/lzdiff.1.gz lzdiff.1.gz /usr/share/man/man1/xzdiff.1.gz --slave /usr/bin/lzcmp lzcmp /usr/bin/xzcmp --slave /usr/share/man/man1/lzcmp.1.gz lzcmp.1.gz /usr/share/man/man1/xzcmp.1.gz --slave /usr/bin/lzgrep lzgrep /usr/bin/xzgrep --slave /usr/share/man/man1/lzgrep.1.gz lzgrep.1.gz /usr/share/man/man1/xzgrep.1.gz --slave /usr/bin/lzegrep lzegrep /usr/bin/xzegrep --slave /usr/share/man/man1/lzegrep.1.gz lzegrep.1.gz /usr/share/man/man1/xzegrep.1.gz --slave /usr/bin/lzfgrep lzfgrep /usr/bin/xzfgrep --slave /usr/share/man/man1/lzfgrep.1.gz lzfgrep.1.gz /usr/share/man/man1/xzfgrep.1.gz
update-alternatives 2025-01-23 01:05:01: link group lzma updated to point to /usr/bin/xz
update-alternatives 2025-01-23 01:08:41: run with --install /usr/lib/arm-linux-gnueabi/libtxc_dxtn.so libtxc-dxtn-arm-linux-gnueabi /usr/lib/arm-linux-gnueabi/s2tc/libtxc_dxtn.so 10
update-alternatives 2025-01-23 01:08:41: link group libtxc-dxtn-arm-linux-gnueabi updated to point to /usr/lib/arm-linux-gnueabi/s2tc/libtxc_dxtn.so
update-alternatives 2025-01-29 19:49:21: run with --install /usr/share/desktop-base/active-theme desktop-theme /usr/share/desktop-base/softwaves-theme 50
update-alternatives 2025-01-29 19:49:21: link group desktop-theme updated to point to /usr/share/desktop-base/softwaves-theme
update-alternatives 2025-01-29 19:49:21: run with --install /usr/share/desktop-base/active-theme desktop-theme /usr/share/desktop-base/lines-theme 40
update-alternatives 2025-01-29 19:49:21: run with --install /usr/share/desktop-base/active-theme desktop-theme /usr/share/desktop-base/joy-theme 30
update-alternatives 2025-01-29 19:49:21: run with --install /usr/share/desktop-base/active-theme desktop-theme /usr/share/desktop-base/joy-inksplat-theme 30
update-alternatives 2025-01-29 19:49:22: run with --install /usr/share/desktop-base/active-theme desktop-theme /usr/share/desktop-base/spacefun-theme 30
update-alternatives 2025-01-29 19:49:22: run with --install /usr/share/images/desktop-base/desktop-background desktop-background /usr/share/desktop-base/active-theme/wallpaper/contents/images/1920x1080.svg 70
update-alternatives 2025-01-29 19:49:22: link group desktop-background updated to point to /usr/share/desktop-base/active-theme/wallpaper/contents/images/1920x1080.svg
update-alternatives 2025-01-29 19:49:22: run with --install /usr/share/images/desktop-base/desktop-background desktop-background /usr/share/desktop-base/softwaves-theme/wallpaper/contents/images/1024x768.svg 65
update-alternatives 2025-01-29 19:49:22: run with --install /usr/share/images/desktop-base/desktop-background desktop-background /usr/share/desktop-base/softwaves-theme/wallpaper/contents/images/1280x720.svg 65
update-alternatives 2025-01-29 19:49:22: run with --install /usr/share/images/desktop-base/desktop-background desktop-background /usr/share/desktop-base/softwaves-theme/wallpaper/contents/images/1280x800.svg 65
update-alternatives 2025-01-29 19:49:22: run with --install /usr/share/images/desktop-base/desktop-background desktop-background /usr/share/desktop-base/softwaves-theme/wallpaper/contents/images/1280x1024.svg 65
update-alternatives 2025-01-29 19:49:22: run with --install /usr/share/images/desktop-base/desktop-background desktop-background /usr/share/desktop-base/softwaves-theme/wallpaper/contents/images/1600x1200.svg 65
update-alternatives 2025-01-29 19:49:22: run with --install /usr/share/images/desktop-base/desktop-background desktop-background /usr/share/desktop-base/softwaves-theme/wallpaper/contents/images/1920x1080.svg 65
update-alternatives 2025-01-29 19:49:22: run with --install /usr/share/images/desktop-base/desktop-background desktop-background /usr/share/desktop-base/softwaves-theme/wallpaper/contents/images/1920x1200.svg 65
update-alternatives 2025-01-29 19:49:22: run with --install /usr/share/images/desktop-base/desktop-background desktop-background /usr/share/desktop-base/softwaves-theme/wallpaper/contents/images/2560x1440.svg 65
update-alternatives 2025-01-29 19:49:22: run with --install /usr/share/images/desktop-base/desktop-background desktop-background /usr/share/desktop-base/softwaves-theme/wallpaper/contents/images/2560x1600.svg 65
update-alternatives 2025-01-29 19:49:22: run with --install /usr/share/images/desktop-base/desktop-background desktop-background /usr/share/desktop-base/lines-theme/wallpaper/contents/images/1280x1024.svg 60
update-alternatives 2025-01-29 19:49:22: run with --install /usr/share/images/desktop-base/desktop-background desktop-background /usr/share/desktop-base/lines-theme/wallpaper/contents/images/1600x1200.svg 60
update-alternatives 2025-01-29 19:49:22: run with --install /usr/share/images/desktop-base/desktop-background desktop-background /usr/share/desktop-base/lines-theme/wallpaper/contents/images/1920x1080.svg 60
update-alternatives 2025-01-29 19:49:22: run with --install /usr/share/images/desktop-base/desktop-background desktop-background /usr/share/desktop-base/lines-theme/wallpaper/contents/images/1920x1200.svg 60
update-alternatives 2025-01-29 19:49:22: run with --install /usr/share/images/desktop-base/desktop-background desktop-background /usr/share/desktop-base/lines-theme/wallpaper/contents/images/2560x1080.svg 60
update-alternatives 2025-01-29 19:49:22: run with --install /usr/share/images/desktop-base/desktop-background desktop-background /usr/share/desktop-base/joy-theme/wallpaper/contents/images/1280x720.svg 50
update-alternatives 2025-01-29 19:49:22: run with --install /usr/share/images/desktop-base/desktop-background desktop-background /usr/share/desktop-base/joy-theme/wallpaper/contents/images/1280x1024.svg 50
update-alternatives 2025-01-29 19:49:22: run with --install /usr/share/images/desktop-base/desktop-background desktop-background /usr/share/desktop-base/joy-theme/wallpaper/contents/images/1600x1200.svg 50
update-alternatives 2025-01-29 19:49:22: run with --install /usr/share/images/desktop-base/desktop-background desktop-background /usr/share/desktop-base/joy-theme/wallpaper/contents/images/1920x1080.svg 50
update-alternatives 2025-01-29 19:49:22: run with --install /usr/share/images/desktop-base/desktop-background desktop-background /usr/share/desktop-base/joy-theme/wallpaper/contents/images/1920x1200.svg 50
update-alternatives 2025-01-29 19:49:22: run with --install /usr/share/images/desktop-base/desktop-background desktop-background /usr/share/desktop-base/joy-inksplat-theme/wallpaper/contents/images/1280x720.svg 50
update-alternatives 2025-01-29 19:49:22: run with --install /usr/share/images/desktop-base/desktop-background desktop-background /usr/share/desktop-base/joy-inksplat-theme/wallpaper/contents/images/1280x1024.svg 50
update-alternatives 2025-01-29 19:49:22: run with --install /usr/share/images/desktop-base/desktop-background desktop-background /usr/share/desktop-base/joy-inksplat-theme/wallpaper/contents/images/1600x1200.svg 50
update-alternatives 2025-01-29 19:49:22: run with --install /usr/share/images/desktop-base/desktop-background desktop-background /usr/share/desktop-base/joy-inksplat-theme/wallpaper/contents/images/1920x1080.svg 50
update-alternatives 2025-01-29 19:49:22: run with --install /usr/share/images/desktop-base/desktop-background desktop-background /usr/share/desktop-base/joy-inksplat-theme/wallpaper/contents/images/1920x1200.svg 50
update-alternatives 2025-01-29 19:49:22: run with --install /usr/share/images/desktop-base/desktop-background desktop-background /usr/share/desktop-base/spacefun-theme/wallpaper/contents/images/1280x720.svg 50
update-alternatives 2025-01-29 19:49:22: run with --install /usr/share/images/desktop-base/desktop-background desktop-background /usr/share/desktop-base/spacefun-theme/wallpaper/contents/images/1280x1024.svg 50
update-alternatives 2025-01-29 19:49:22: run with --install /usr/share/images/desktop-base/desktop-background desktop-background /usr/share/desktop-base/spacefun-theme/wallpaper/contents/images/1920x1080.svg 50
update-alternatives 2025-01-29 19:49:22: run with --install /usr/share/images/desktop-base/desktop-background desktop-background /usr/share/desktop-base/spacefun-theme/wallpaper/contents/images/1920x1200.svg 50
update-alternatives 2025-01-29 19:49:22: run with --install /usr/share/images/desktop-base/desktop-background.xml desktop-background.xml /usr/share/desktop-base/active-theme/wallpaper/gnome-background.xml 50
update-alternatives 2025-01-29 19:49:22: link group desktop-background.xml updated to point to /usr/share/desktop-base/active-theme/wallpaper/gnome-background.xml
update-alternatives 2025-01-29 19:49:22: run with --install /usr/share/images/desktop-base/desktop-background.xml desktop-background.xml /usr/share/desktop-base/softwaves-theme/wallpaper/gnome-background.xml 40
update-alternatives 2025-01-29 19:49:22: run with --install /usr/share/images/desktop-base/desktop-background.xml desktop-background.xml /usr/share/desktop-base/lines-theme/wallpaper/gnome-background.xml 30
update-alternatives 2025-01-29 19:49:22: run with --install /usr/share/images/desktop-base/desktop-background.xml desktop-background.xml /usr/share/desktop-base/joy-theme/wallpaper/gnome-background.xml 20
update-alternatives 2025-01-29 19:49:22: run with --install /usr/share/images/desktop-base/desktop-background.xml desktop-background.xml /usr/share/desktop-base/joy-inksplat-theme/wallpaper/gnome-background.xml 20
update-alternatives 2025-01-29 19:49:22: run with --install /usr/share/images/desktop-base/desktop-background.xml desktop-background.xml /usr/share/desktop-base/spacefun-theme/wallpaper/gnome-background.xml 20
update-alternatives 2025-01-29 19:49:22: run with --install /usr/share/images/desktop-base/desktop-lockscreen.xml desktop-lockscreen.xml /usr/share/desktop-base/active-theme/lockscreen/gnome-background.xml 50
update-alternatives 2025-01-29 19:49:22: link group desktop-lockscreen.xml updated to point to /usr/share/desktop-base/active-theme/lockscreen/gnome-background.xml
update-alternatives 2025-01-29 19:49:22: run with --install /usr/share/images/desktop-base/desktop-lockscreen.xml desktop-lockscreen.xml /usr/share/desktop-base/softwaves-theme/lockscreen/gnome-background.xml 40
update-alternatives 2025-01-29 19:49:22: run with --install /usr/share/images/desktop-base/desktop-lockscreen.xml desktop-lockscreen.xml /usr/share/desktop-base/lines-theme/lockscreen/gnome-background.xml 30
update-alternatives 2025-01-29 19:49:22: run with --install /usr/share/images/desktop-base/desktop-lockscreen.xml desktop-lockscreen.xml /usr/share/desktop-base/joy-theme/lockscreen/gnome-background.xml 20
update-alternatives 2025-01-29 19:49:22: run with --install /usr/share/images/desktop-base/desktop-lockscreen.xml desktop-lockscreen.xml /usr/share/desktop-base/spacefun-theme/lockscreen/gnome-background.xml 20
update-alternatives 2025-01-29 19:49:22: run with --install /usr/share/wallpapers/DebianTheme desktop-plasma5-wallpaper /usr/share/desktop-base/active-theme/wallpaper 50
update-alternatives 2025-01-29 19:49:22: link group desktop-plasma5-wallpaper updated to point to /usr/share/desktop-base/active-theme/wallpaper
update-alternatives 2025-01-29 19:49:22: run with --install /usr/share/wallpapers/DebianTheme desktop-plasma5-wallpaper /usr/share/desktop-base/softwaves-theme/wallpaper 40
update-alternatives 2025-01-29 19:49:22: run with --install /usr/share/wallpapers/DebianTheme desktop-plasma5-wallpaper /usr/share/desktop-base/lines-theme/wallpaper 30
update-alternatives 2025-01-29 19:49:22: run with --install /usr/share/wallpapers/DebianTheme desktop-plasma5-wallpaper /usr/share/desktop-base/joy-theme/wallpaper 20
update-alternatives 2025-01-29 19:49:23: run with --install /usr/share/wallpapers/DebianTheme desktop-plasma5-wallpaper /usr/share/desktop-base/joy-inksplat-theme/wallpaper 20
update-alternatives 2025-01-29 19:49:23: run with --install /usr/share/wallpapers/DebianTheme desktop-plasma5-wallpaper /usr/share/desktop-base/spacefun-theme/wallpaper 20
update-alternatives 2025-01-29 19:49:23: run with --install /usr/share/images/desktop-base/login-background.svg desktop-login-background /usr/share/desktop-base/active-theme/login/background.svg 50
update-alternatives 2025-01-29 19:49:23: link group desktop-login-background updated to point to /usr/share/desktop-base/active-theme/login/background.svg
update-alternatives 2025-01-29 19:49:23: run with --install /usr/share/images/desktop-base/login-background.svg desktop-login-background /usr/share/desktop-base/softwaves-theme/login/background.svg 40
update-alternatives 2025-01-29 19:49:23: run with --install /usr/share/images/desktop-base/login-background.svg desktop-login-background /usr/share/desktop-base/lines-theme/login/background.svg 30
update-alternatives 2025-01-29 19:49:23: run with --install /usr/share/images/desktop-base/login-background.svg desktop-login-background /usr/share/desktop-base/lines-theme/login/background-nologo.svg 30
update-alternatives 2025-01-29 19:49:23: run with --install /usr/share/images/desktop-base/login-background.svg desktop-login-background /usr/share/desktop-base/joy-theme/login/background.svg 20
update-alternatives 2025-01-29 19:49:23: run with --install /usr/share/images/desktop-base/login-background.svg desktop-login-background /usr/share/desktop-base/spacefun-theme/login/background.svg 20
update-alternatives 2025-01-29 19:49:23: run with --install /usr/share/images/desktop-base/desktop-grub.png desktop-grub /usr/share/desktop-base/active-theme/grub/grub-4x3.png 50 --slave /usr/share/desktop-base/grub_background.sh desktop-grub.sh /usr/share/desktop-base/active-theme/grub/grub_background.sh
update-alternatives 2025-01-29 19:49:23: link group desktop-grub updated to point to /usr/share/desktop-base/active-theme/grub/grub-4x3.png
update-alternatives 2025-01-29 19:49:23: run with --install /usr/share/images/desktop-base/desktop-grub.png desktop-grub /usr/share/desktop-base/active-theme/grub/grub-16x9.png 45 --slave /usr/share/desktop-base/grub_background.sh desktop-grub.sh /usr/share/desktop-base/active-theme/grub/grub_background.sh
update-alternatives 2025-01-29 19:49:23: run with --install /usr/share/images/desktop-base/desktop-grub.png desktop-grub /usr/share/desktop-base/softwaves-theme/grub/grub-4x3.png 40 --slave /usr/share/desktop-base/grub_background.sh desktop-grub.sh /usr/share/desktop-base/softwaves-theme/grub/grub_background.sh
update-alternatives 2025-01-29 19:49:23: run with --install /usr/share/images/desktop-base/desktop-grub.png desktop-grub /usr/share/desktop-base/softwaves-theme/grub/grub-16x9.png 40 --slave /usr/share/desktop-base/grub_background.sh desktop-grub.sh /usr/share/desktop-base/softwaves-theme/grub/grub_background.sh
update-alternatives 2025-01-29 19:49:23: run with --install /usr/share/images/desktop-base/desktop-grub.png desktop-grub /usr/share/desktop-base/lines-theme/grub/grub-4x3.png 30 --slave /usr/share/desktop-base/grub_background.sh desktop-grub.sh /usr/share/desktop-base/lines-theme/grub/grub_background.sh
update-alternatives 2025-01-29 19:49:23: run with --install /usr/share/images/desktop-base/desktop-grub.png desktop-grub /usr/share/desktop-base/lines-theme/grub/grub-16x9.png 30 --slave /usr/share/desktop-base/grub_background.sh desktop-grub.sh /usr/share/desktop-base/lines-theme/grub/grub_background.sh
update-alternatives 2025-01-29 19:49:23: run with --install /usr/share/images/desktop-base/desktop-grub.png desktop-grub /usr/share/desktop-base/joy-theme/grub/grub-4x3.png 30 --slave /usr/share/desktop-base/grub_background.sh desktop-grub.sh /usr/share/desktop-base/joy-theme/grub/grub_background.sh
update-alternatives 2025-01-29 19:49:23: run with --install /usr/share/images/desktop-base/desktop-grub.png desktop-grub /usr/share/desktop-base/joy-theme/grub/grub-16x9.png 30 --slave /usr/share/desktop-base/grub_background.sh desktop-grub.sh /usr/share/desktop-base/joy-theme/grub/grub_background.sh
update-alternatives 2025-01-29 19:49:23: run with --install /usr/share/images/desktop-base/desktop-grub.png desktop-grub /usr/share/desktop-base/spacefun-theme/grub/grub-4x3.png 30 --slave /usr/share/desktop-base/grub_background.sh desktop-grub.sh /usr/share/desktop-base/spacefun-theme/grub/grub_background.sh
update-alternatives 2025-01-29 19:49:23: run with --install /usr/share/images/desktop-base/desktop-grub.png desktop-grub /usr/share/desktop-base/spacefun-theme/grub/grub-16x9.png 30 --slave /usr/share/desktop-base/grub_background.sh desktop-grub.sh /usr/share/desktop-base/spacefun-theme/grub/grub_background.sh
update-alternatives 2025-01-29 19:49:23: run with --install /usr/share/icons/default/index.theme x-cursor-theme /usr/share/icons/Adwaita/cursor.theme 90
update-alternatives 2025-01-29 19:49:23: link group x-cursor-theme updated to point to /usr/share/icons/Adwaita/cursor.theme
update-alternatives 2025-01-29 19:49:23: run with --install /usr/share/xgreeters/lightdm-greeter.desktop lightdm-greeter /usr/share/xgreeters/lightdm-gtk-greeter.desktop 60
update-alternatives 2025-01-29 19:49:23: link group lightdm-greeter updated to point to /usr/share/xgreeters/lightdm-gtk-greeter.desktop
